#
# There is insufficient memory for the Java Runtime Environment to continue.
# Native memory allocation (malloc) failed to allocate 236016 bytes for Chunk::new
# Possible reasons:
#   The system is out of physical RAM or swap space
#   The process is running with CompressedOops enabled, and the Java Heap may be blocking the growth of the native heap
# Possible solutions:
#   Reduce memory load on the system
#   Increase physical memory or swap space
#   Check if swap backing store is full
#   Decrease Java heap size (-Xmx/-Xms)
#   Decrease number of Java threads
#   Decrease Java thread stack sizes (-Xss)
#   Set larger code cache with -XX:ReservedCodeCacheSize=
#   JVM is running with Unscaled Compressed Oops mode in which the Java heap is
#     placed in the first 4GB address space. The Java Heap base address is the
#     maximum limit for the native heap growth. Please use -XX:HeapBaseMinAddress
#     to set the Java Heap base and to place the Java Heap above 4GB virtual address.
# This output file may be truncated or incomplete.
#
#  Out of Memory Error (./open/src/hotspot/share/memory/arena.cpp:197), pid=168636, tid=167956
#
# JRE version: Java(TM) SE Runtime Environment 18.9 (11.0.10+8) (build 11.0.10+8-LTS-162)
# Java VM: Java HotSpot(TM) 64-Bit Server VM 18.9 (11.0.10+8-LTS-162, mixed mode, tiered, compressed oops, g1 gc, windows-amd64)
# No core dump will be written. Minidumps are not enabled by default on client versions of Windows
#

---------------  S U M M A R Y ------------

Command Line: -ea -Didea.test.cyclic.buffer.size=1048576 -javaagent:C:\Program Files\JetBrains\IntelliJ IDEA Community Edition 2020.3\lib\idea_rt.jar=64886:C:\Program Files\JetBrains\IntelliJ IDEA Community Edition 2020.3\bin -Dfile.encoding=UTF-8 com.intellij.rt.junit.JUnitStarter -ideVersion5 -junit5 ru.netology.stats.StatsServiceTest

Host: Intel(R) Core(TM) i5-5200U CPU @ 2.20GHz, 4 cores, 5G,  Windows 10 , 64 bit Build 19041 (10.0.19041.804)
Time: Fri Mar 26 20:52:30 2021 RTZ 9 (зима) elapsed time: 2.838405 seconds (0d 0h 0m 2s)

---------------  T H R E A D  ---------------

Current thread (0x000001a6ddc10800):  JavaThread "C2 CompilerThread0" daemon [_thread_in_native, id=167956, stack(0x00000055ae800000,0x00000055ae900000)]


Current CompileTask:
C2:   2838 1092       4       sun.reflect.annotation.AnnotationInvocationHandler::invoke (178 bytes)

Stack: [0x00000055ae800000,0x00000055ae900000]
Native frames: (J=compiled Java code, j=interpreted, Vv=VM code, C=native code)
V  [jvm.dll+0x613e6a]
V  [jvm.dll+0x74c1ff]
V  [jvm.dll+0x74d885]
V  [jvm.dll+0x74df03]
V  [jvm.dll+0x243b78]
V  [jvm.dll+0xba2cc]
V  [jvm.dll+0xba9cc]
V  [jvm.dll+0x2b4424]
V  [jvm.dll+0x52bfa6]
V  [jvm.dll+0x20555d]
V  [jvm.dll+0x1ff4aa]
V  [jvm.dll+0x1fc42f]
V  [jvm.dll+0x17f09c]
V  [jvm.dll+0x20bbd4]
V  [jvm.dll+0x209cab]
V  [jvm.dll+0x713619]
V  [jvm.dll+0x70c314]
V  [jvm.dll+0x613036]
C  [ucrtbase.dll+0x21bb2]
C  [KERNEL32.DLL+0x17034]
C  [ntdll.dll+0x52651]


---------------  P R O C E S S  ---------------

Threads class SMR info:
_java_thread_list=0x000001a6ddf63710, length=11, elements={
0x000001a6be204800, 0x000001a6ddbae800, 0x000001a6ddbbe800, 0x000001a6ddc0d000,
0x000001a6ddc0f000, 0x000001a6ddc10800, 0x000001a6ddc18800, 0x000001a6ddc25800,
0x000001a6ddd90800, 0x000001a6ddefa000, 0x000001a6ddefb000
}

Java Threads: ( => current thread )
  0x000001a6be204800 JavaThread "main" [_thread_in_Java, id=167980, stack(0x00000055add00000,0x00000055ade00000)]
  0x000001a6ddbae800 JavaThread "Reference Handler" daemon [_thread_blocked, id=163600, stack(0x00000055ae400000,0x00000055ae500000)]
  0x000001a6ddbbe800 JavaThread "Finalizer" daemon [_thread_blocked, id=168400, stack(0x00000055ae500000,0x00000055ae600000)]
  0x000001a6ddc0d000 JavaThread "Signal Dispatcher" daemon [_thread_blocked, id=164976, stack(0x00000055ae600000,0x00000055ae700000)]
  0x000001a6ddc0f000 JavaThread "Attach Listener" daemon [_thread_blocked, id=167968, stack(0x00000055ae700000,0x00000055ae800000)]
=>0x000001a6ddc10800 JavaThread "C2 CompilerThread0" daemon [_thread_in_native, id=167956, stack(0x00000055ae800000,0x00000055ae900000)]
  0x000001a6ddc18800 JavaThread "C1 CompilerThread0" daemon [_thread_blocked, id=163860, stack(0x00000055ae900000,0x00000055aea00000)]
  0x000001a6ddc25800 JavaThread "Sweeper thread" daemon [_thread_blocked, id=168052, stack(0x00000055aea00000,0x00000055aeb00000)]
  0x000001a6ddd90800 JavaThread "Common-Cleaner" daemon [_thread_blocked, id=145672, stack(0x00000055aeb00000,0x00000055aec00000)]
  0x000001a6ddefa000 JavaThread "Monitor Ctrl-Break" daemon [_thread_in_native, id=168368, stack(0x00000055aed00000,0x00000055aee00000)]
  0x000001a6ddefb000 JavaThread "Service Thread" daemon [_thread_blocked, id=167392, stack(0x00000055aee00000,0x00000055aef00000)]

Other Threads:
  0x000001a6ddb88800 VMThread "VM Thread" [stack: 0x00000055ae300000,0x00000055ae400000] [id=163804]
  0x000001a6ddeff800 WatcherThread [stack: 0x00000055aef00000,0x00000055af000000] [id=166204]
  0x000001a6be21a800 GCTaskThread "GC Thread#0" [stack: 0x00000055ade00000,0x00000055adf00000] [id=168776]
  0x000001a6de498000 GCTaskThread "GC Thread#1" [stack: 0x00000055aec00000,0x00000055aed00000] [id=155264]
  0x000001a6dad33000 ConcurrentGCThread "G1 Main Marker" [stack: 0x00000055adf00000,0x00000055ae000000] [id=167144]
  0x000001a6be23e800 ConcurrentGCThread "G1 Conc#0" [stack: 0x00000055ae000000,0x00000055ae100000] [id=168404]
  0x000001a6dadaa800 ConcurrentGCThread "G1 Refine#0" [stack: 0x00000055ae100000,0x00000055ae200000] [id=168556]
  0x000001a6dadac000 ConcurrentGCThread "G1 Young RemSet Sampling" [stack: 0x00000055ae200000,0x00000055ae300000] [id=157024]

Threads with active compile tasks:
C2 CompilerThread0   3000 1092       4       sun.reflect.annotation.AnnotationInvocationHandler::invoke (178 bytes)

VM state:not at safepoint (normal execution)

VM Mutex/Monitor currently owned by a thread: None

Heap address: 0x00000000a1400000, size: 1516 MB, Compressed Oops mode: 32-bit
Narrow klass base: 0x0000000000000000, Narrow klass shift: 3
Compressed class space size: 1073741824 Address: 0x0000000100000000

Heap:
 garbage-first heap   total 98304K, used 5863K [0x00000000a1400000, 0x0000000100000000)
  region size 1024K, 6 young (6144K), 2 survivors (2048K)
 Metaspace       used 11929K, capacity 12383K, committed 12416K, reserved 1062912K
  class space    used 1242K, capacity 1393K, committed 1408K, reserved 1048576K
Heap Regions: E=young(eden), S=young(survivor), O=old, HS=humongous(starts), HC=humongous(continues), CS=collection set, F=free, A=archive, TAMS=top-at-mark-start (previous, next)
|   0|0x00000000a1400000, 0x00000000a14b9c00, 0x00000000a1500000| 72%| O|  |TAMS 0x00000000a1400000, 0x00000000a1400000| Untracked 
|   1|0x00000000a1500000, 0x00000000a1500000, 0x00000000a1600000|  0%| F|  |TAMS 0x00000000a1500000, 0x00000000a1500000| Untracked 
|   2|0x00000000a1600000, 0x00000000a1600000, 0x00000000a1700000|  0%| F|  |TAMS 0x00000000a1600000, 0x00000000a1600000| Untracked 
|   3|0x00000000a1700000, 0x00000000a1700000, 0x00000000a1800000|  0%| F|  |TAMS 0x00000000a1700000, 0x00000000a1700000| Untracked 
|   4|0x00000000a1800000, 0x00000000a1800000, 0x00000000a1900000|  0%| F|  |TAMS 0x00000000a1800000, 0x00000000a1800000| Untracked 
|   5|0x00000000a1900000, 0x00000000a1900000, 0x00000000a1a00000|  0%| F|  |TAMS 0x00000000a1900000, 0x00000000a1900000| Untracked 
|   6|0x00000000a1a00000, 0x00000000a1a00000, 0x00000000a1b00000|  0%| F|  |TAMS 0x00000000a1a00000, 0x00000000a1a00000| Untracked 
|   7|0x00000000a1b00000, 0x00000000a1b00000, 0x00000000a1c00000|  0%| F|  |TAMS 0x00000000a1b00000, 0x00000000a1b00000| Untracked 
|   8|0x00000000a1c00000, 0x00000000a1c00000, 0x00000000a1d00000|  0%| F|  |TAMS 0x00000000a1c00000, 0x00000000a1c00000| Untracked 
|   9|0x00000000a1d00000, 0x00000000a1d00000, 0x00000000a1e00000|  0%| F|  |TAMS 0x00000000a1d00000, 0x00000000a1d00000| Untracked 
|  10|0x00000000a1e00000, 0x00000000a1e00000, 0x00000000a1f00000|  0%| F|  |TAMS 0x00000000a1e00000, 0x00000000a1e00000| Untracked 
|  11|0x00000000a1f00000, 0x00000000a1f00000, 0x00000000a2000000|  0%| F|  |TAMS 0x00000000a1f00000, 0x00000000a1f00000| Untracked 
|  12|0x00000000a2000000, 0x00000000a2000000, 0x00000000a2100000|  0%| F|  |TAMS 0x00000000a2000000, 0x00000000a2000000| Untracked 
|  13|0x00000000a2100000, 0x00000000a2100000, 0x00000000a2200000|  0%| F|  |TAMS 0x00000000a2100000, 0x00000000a2100000| Untracked 
|  14|0x00000000a2200000, 0x00000000a2200000, 0x00000000a2300000|  0%| F|  |TAMS 0x00000000a2200000, 0x00000000a2200000| Untracked 
|  15|0x00000000a2300000, 0x00000000a2300000, 0x00000000a2400000|  0%| F|  |TAMS 0x00000000a2300000, 0x00000000a2300000| Untracked 
|  16|0x00000000a2400000, 0x00000000a2400000, 0x00000000a2500000|  0%| F|  |TAMS 0x00000000a2400000, 0x00000000a2400000| Untracked 
|  17|0x00000000a2500000, 0x00000000a2500000, 0x00000000a2600000|  0%| F|  |TAMS 0x00000000a2500000, 0x00000000a2500000| Untracked 
|  18|0x00000000a2600000, 0x00000000a2600000, 0x00000000a2700000|  0%| F|  |TAMS 0x00000000a2600000, 0x00000000a2600000| Untracked 
|  19|0x00000000a2700000, 0x00000000a2700000, 0x00000000a2800000|  0%| F|  |TAMS 0x00000000a2700000, 0x00000000a2700000| Untracked 
|  20|0x00000000a2800000, 0x00000000a2800000, 0x00000000a2900000|  0%| F|  |TAMS 0x00000000a2800000, 0x00000000a2800000| Untracked 
|  21|0x00000000a2900000, 0x00000000a2900000, 0x00000000a2a00000|  0%| F|  |TAMS 0x00000000a2900000, 0x00000000a2900000| Untracked 
|  22|0x00000000a2a00000, 0x00000000a2a00000, 0x00000000a2b00000|  0%| F|  |TAMS 0x00000000a2a00000, 0x00000000a2a00000| Untracked 
|  23|0x00000000a2b00000, 0x00000000a2b00000, 0x00000000a2c00000|  0%| F|  |TAMS 0x00000000a2b00000, 0x00000000a2b00000| Untracked 
|  24|0x00000000a2c00000, 0x00000000a2c00000, 0x00000000a2d00000|  0%| F|  |TAMS 0x00000000a2c00000, 0x00000000a2c00000| Untracked 
|  25|0x00000000a2d00000, 0x00000000a2d00000, 0x00000000a2e00000|  0%| F|  |TAMS 0x00000000a2d00000, 0x00000000a2d00000| Untracked 
|  26|0x00000000a2e00000, 0x00000000a2e00000, 0x00000000a2f00000|  0%| F|  |TAMS 0x00000000a2e00000, 0x00000000a2e00000| Untracked 
|  27|0x00000000a2f00000, 0x00000000a2f00000, 0x00000000a3000000|  0%| F|  |TAMS 0x00000000a2f00000, 0x00000000a2f00000| Untracked 
|  28|0x00000000a3000000, 0x00000000a3000000, 0x00000000a3100000|  0%| F|  |TAMS 0x00000000a3000000, 0x00000000a3000000| Untracked 
|  29|0x00000000a3100000, 0x00000000a3100000, 0x00000000a3200000|  0%| F|  |TAMS 0x00000000a3100000, 0x00000000a3100000| Untracked 
|  30|0x00000000a3200000, 0x00000000a3200000, 0x00000000a3300000|  0%| F|  |TAMS 0x00000000a3200000, 0x00000000a3200000| Untracked 
|  31|0x00000000a3300000, 0x00000000a3300000, 0x00000000a3400000|  0%| F|  |TAMS 0x00000000a3300000, 0x00000000a3300000| Untracked 
|  32|0x00000000a3400000, 0x00000000a3400000, 0x00000000a3500000|  0%| F|  |TAMS 0x00000000a3400000, 0x00000000a3400000| Untracked 
|  33|0x00000000a3500000, 0x00000000a3500000, 0x00000000a3600000|  0%| F|  |TAMS 0x00000000a3500000, 0x00000000a3500000| Untracked 
|  34|0x00000000a3600000, 0x00000000a3600000, 0x00000000a3700000|  0%| F|  |TAMS 0x00000000a3600000, 0x00000000a3600000| Untracked 
|  35|0x00000000a3700000, 0x00000000a3700000, 0x00000000a3800000|  0%| F|  |TAMS 0x00000000a3700000, 0x00000000a3700000| Untracked 
|  36|0x00000000a3800000, 0x00000000a3800000, 0x00000000a3900000|  0%| F|  |TAMS 0x00000000a3800000, 0x00000000a3800000| Untracked 
|  37|0x00000000a3900000, 0x00000000a3900000, 0x00000000a3a00000|  0%| F|  |TAMS 0x00000000a3900000, 0x00000000a3900000| Untracked 
|  38|0x00000000a3a00000, 0x00000000a3a00000, 0x00000000a3b00000|  0%| F|  |TAMS 0x00000000a3a00000, 0x00000000a3a00000| Untracked 
|  39|0x00000000a3b00000, 0x00000000a3b00000, 0x00000000a3c00000|  0%| F|  |TAMS 0x00000000a3b00000, 0x00000000a3b00000| Untracked 
|  40|0x00000000a3c00000, 0x00000000a3c00000, 0x00000000a3d00000|  0%| F|  |TAMS 0x00000000a3c00000, 0x00000000a3c00000| Untracked 
|  41|0x00000000a3d00000, 0x00000000a3d00000, 0x00000000a3e00000|  0%| F|  |TAMS 0x00000000a3d00000, 0x00000000a3d00000| Untracked 
|  42|0x00000000a3e00000, 0x00000000a3e00000, 0x00000000a3f00000|  0%| F|  |TAMS 0x00000000a3e00000, 0x00000000a3e00000| Untracked 
|  43|0x00000000a3f00000, 0x00000000a3f00000, 0x00000000a4000000|  0%| F|  |TAMS 0x00000000a3f00000, 0x00000000a3f00000| Untracked 
|  44|0x00000000a4000000, 0x00000000a4000000, 0x00000000a4100000|  0%| F|  |TAMS 0x00000000a4000000, 0x00000000a4000000| Untracked 
|  45|0x00000000a4100000, 0x00000000a4100000, 0x00000000a4200000|  0%| F|  |TAMS 0x00000000a4100000, 0x00000000a4100000| Untracked 
|  46|0x00000000a4200000, 0x00000000a4200000, 0x00000000a4300000|  0%| F|  |TAMS 0x00000000a4200000, 0x00000000a4200000| Untracked 
|  47|0x00000000a4300000, 0x00000000a4300000, 0x00000000a4400000|  0%| F|  |TAMS 0x00000000a4300000, 0x00000000a4300000| Untracked 
|  48|0x00000000a4400000, 0x00000000a4400000, 0x00000000a4500000|  0%| F|  |TAMS 0x00000000a4400000, 0x00000000a4400000| Untracked 
|  49|0x00000000a4500000, 0x00000000a4500000, 0x00000000a4600000|  0%| F|  |TAMS 0x00000000a4500000, 0x00000000a4500000| Untracked 
|  50|0x00000000a4600000, 0x00000000a4600000, 0x00000000a4700000|  0%| F|  |TAMS 0x00000000a4600000, 0x00000000a4600000| Untracked 
|  51|0x00000000a4700000, 0x00000000a4700000, 0x00000000a4800000|  0%| F|  |TAMS 0x00000000a4700000, 0x00000000a4700000| Untracked 
|  52|0x00000000a4800000, 0x00000000a4800000, 0x00000000a4900000|  0%| F|  |TAMS 0x00000000a4800000, 0x00000000a4800000| Untracked 
|  53|0x00000000a4900000, 0x00000000a4900000, 0x00000000a4a00000|  0%| F|  |TAMS 0x00000000a4900000, 0x00000000a4900000| Untracked 
|  54|0x00000000a4a00000, 0x00000000a4a00000, 0x00000000a4b00000|  0%| F|  |TAMS 0x00000000a4a00000, 0x00000000a4a00000| Untracked 
|  55|0x00000000a4b00000, 0x00000000a4b00000, 0x00000000a4c00000|  0%| F|  |TAMS 0x00000000a4b00000, 0x00000000a4b00000| Untracked 
|  56|0x00000000a4c00000, 0x00000000a4c00000, 0x00000000a4d00000|  0%| F|  |TAMS 0x00000000a4c00000, 0x00000000a4c00000| Untracked 
|  57|0x00000000a4d00000, 0x00000000a4d00000, 0x00000000a4e00000|  0%| F|  |TAMS 0x00000000a4d00000, 0x00000000a4d00000| Untracked 
|  58|0x00000000a4e00000, 0x00000000a4e00000, 0x00000000a4f00000|  0%| F|  |TAMS 0x00000000a4e00000, 0x00000000a4e00000| Untracked 
|  59|0x00000000a4f00000, 0x00000000a4f00000, 0x00000000a5000000|  0%| F|  |TAMS 0x00000000a4f00000, 0x00000000a4f00000| Untracked 
|  60|0x00000000a5000000, 0x00000000a5000000, 0x00000000a5100000|  0%| F|  |TAMS 0x00000000a5000000, 0x00000000a5000000| Untracked 
|  61|0x00000000a5100000, 0x00000000a5100000, 0x00000000a5200000|  0%| F|  |TAMS 0x00000000a5100000, 0x00000000a5100000| Untracked 
|  62|0x00000000a5200000, 0x00000000a5200000, 0x00000000a5300000|  0%| F|  |TAMS 0x00000000a5200000, 0x00000000a5200000| Untracked 
|  63|0x00000000a5300000, 0x00000000a5300000, 0x00000000a5400000|  0%| F|  |TAMS 0x00000000a5300000, 0x00000000a5300000| Untracked 
|  64|0x00000000a5400000, 0x00000000a5400000, 0x00000000a5500000|  0%| F|  |TAMS 0x00000000a5400000, 0x00000000a5400000| Untracked 
|  65|0x00000000a5500000, 0x00000000a5500000, 0x00000000a5600000|  0%| F|  |TAMS 0x00000000a5500000, 0x00000000a5500000| Untracked 
|  66|0x00000000a5600000, 0x00000000a5600000, 0x00000000a5700000|  0%| F|  |TAMS 0x00000000a5600000, 0x00000000a5600000| Untracked 
|  67|0x00000000a5700000, 0x00000000a5700000, 0x00000000a5800000|  0%| F|  |TAMS 0x00000000a5700000, 0x00000000a5700000| Untracked 
|  68|0x00000000a5800000, 0x00000000a5800000, 0x00000000a5900000|  0%| F|  |TAMS 0x00000000a5800000, 0x00000000a5800000| Untracked 
|  69|0x00000000a5900000, 0x00000000a5900000, 0x00000000a5a00000|  0%| F|  |TAMS 0x00000000a5900000, 0x00000000a5900000| Untracked 
|  70|0x00000000a5a00000, 0x00000000a5a00000, 0x00000000a5b00000|  0%| F|  |TAMS 0x00000000a5a00000, 0x00000000a5a00000| Untracked 
|  71|0x00000000a5b00000, 0x00000000a5b00000, 0x00000000a5c00000|  0%| F|  |TAMS 0x00000000a5b00000, 0x00000000a5b00000| Untracked 
|  72|0x00000000a5c00000, 0x00000000a5c00000, 0x00000000a5d00000|  0%| F|  |TAMS 0x00000000a5c00000, 0x00000000a5c00000| Untracked 
|  73|0x00000000a5d00000, 0x00000000a5d00000, 0x00000000a5e00000|  0%| F|  |TAMS 0x00000000a5d00000, 0x00000000a5d00000| Untracked 
|  74|0x00000000a5e00000, 0x00000000a5e00000, 0x00000000a5f00000|  0%| F|  |TAMS 0x00000000a5e00000, 0x00000000a5e00000| Untracked 
|  75|0x00000000a5f00000, 0x00000000a5f00000, 0x00000000a6000000|  0%| F|  |TAMS 0x00000000a5f00000, 0x00000000a5f00000| Untracked 
|  76|0x00000000a6000000, 0x00000000a6000000, 0x00000000a6100000|  0%| F|  |TAMS 0x00000000a6000000, 0x00000000a6000000| Untracked 
|  77|0x00000000a6100000, 0x00000000a6100000, 0x00000000a6200000|  0%| F|  |TAMS 0x00000000a6100000, 0x00000000a6100000| Untracked 
|  78|0x00000000a6200000, 0x00000000a6200000, 0x00000000a6300000|  0%| F|  |TAMS 0x00000000a6200000, 0x00000000a6200000| Untracked 
|  79|0x00000000a6300000, 0x00000000a6300000, 0x00000000a6400000|  0%| F|  |TAMS 0x00000000a6300000, 0x00000000a6300000| Untracked 
|  80|0x00000000a6400000, 0x00000000a6500000, 0x00000000a6500000|100%| S|CS|TAMS 0x00000000a6400000, 0x00000000a6400000| Complete 
|  81|0x00000000a6500000, 0x00000000a6600000, 0x00000000a6600000|100%| S|CS|TAMS 0x00000000a6500000, 0x00000000a6500000| Complete 
|  82|0x00000000a6600000, 0x00000000a6600000, 0x00000000a6700000|  0%| F|  |TAMS 0x00000000a6600000, 0x00000000a6600000| Untracked 
|  83|0x00000000a6700000, 0x00000000a6700000, 0x00000000a6800000|  0%| F|  |TAMS 0x00000000a6700000, 0x00000000a6700000| Untracked 
|  84|0x00000000a6800000, 0x00000000a6800000, 0x00000000a6900000|  0%| F|  |TAMS 0x00000000a6800000, 0x00000000a6800000| Untracked 
|  85|0x00000000a6900000, 0x00000000a6900000, 0x00000000a6a00000|  0%| F|  |TAMS 0x00000000a6900000, 0x00000000a6900000| Untracked 
|  86|0x00000000a6a00000, 0x00000000a6a00000, 0x00000000a6b00000|  0%| F|  |TAMS 0x00000000a6a00000, 0x00000000a6a00000| Untracked 
|  87|0x00000000a6b00000, 0x00000000a6b00000, 0x00000000a6c00000|  0%| F|  |TAMS 0x00000000a6b00000, 0x00000000a6b00000| Untracked 
|  88|0x00000000a6c00000, 0x00000000a6c00000, 0x00000000a6d00000|  0%| F|  |TAMS 0x00000000a6c00000, 0x00000000a6c00000| Untracked 
|  89|0x00000000a6d00000, 0x00000000a6d00000, 0x00000000a6e00000|  0%| F|  |TAMS 0x00000000a6d00000, 0x00000000a6d00000| Untracked 
|  90|0x00000000a6e00000, 0x00000000a6e00000, 0x00000000a6f00000|  0%| F|  |TAMS 0x00000000a6e00000, 0x00000000a6e00000| Untracked 
|  91|0x00000000a6f00000, 0x00000000a6f00000, 0x00000000a7000000|  0%| F|  |TAMS 0x00000000a6f00000, 0x00000000a6f00000| Untracked 
|  92|0x00000000a7000000, 0x00000000a7100000, 0x00000000a7100000|100%| E|  |TAMS 0x00000000a7000000, 0x00000000a7000000| Complete 
|  93|0x00000000a7100000, 0x00000000a7200000, 0x00000000a7200000|100%| E|CS|TAMS 0x00000000a7100000, 0x00000000a7100000| Complete 
|  94|0x00000000a7200000, 0x00000000a7300000, 0x00000000a7300000|100%| E|CS|TAMS 0x00000000a7200000, 0x00000000a7200000| Complete 
|  95|0x00000000a7300000, 0x00000000a7400000, 0x00000000a7400000|100%| E|CS|TAMS 0x00000000a7300000, 0x00000000a7300000| Complete 

Card table byte_map: [0x000001a6d77d0000,0x000001a6d7ad0000] _byte_map_base: 0x000001a6d72c6000

Marking Bits (Prev, Next): (CMBitMap*) 0x000001a6be23a478, (CMBitMap*) 0x000001a6be23a4b0
 Prev Bits: [0x000001a6d7dd0000, 0x000001a6d9580000)
 Next Bits: [0x000001a6d9580000, 0x000001a6dad30000)

Polling page: 0x000001a6be240000

Metaspace:

Usage:
  Non-class:     10.73 MB capacity,    10.44 MB ( 97%) used,   260.59 KB (  2%) free+waste,    42.44 KB ( <1%) overhead. 
      Class:      1.36 MB capacity,     1.21 MB ( 89%) used,   128.36 KB (  9%) free+waste,    21.81 KB (  2%) overhead. 
       Both:     12.09 MB capacity,    11.65 MB ( 96%) used,   388.95 KB (  3%) free+waste,    64.25 KB ( <1%) overhead. 

Virtual space:
  Non-class space:       14.00 MB reserved,      10.75 MB ( 77%) committed 
      Class space:        1.00 GB reserved,       1.38 MB ( <1%) committed 
             Both:        1.01 GB reserved,      12.13 MB (  1%) committed 

Chunk freelists:
   Non-Class:  1.88 KB
       Class:  0 bytes
        Both:  1.88 KB

CodeHeap 'non-profiled nmethods': size=120064Kb used=326Kb max_used=326Kb free=119737Kb
 bounds [0x000001a6cfa60000, 0x000001a6cfcd0000, 0x000001a6d6fa0000]
CodeHeap 'profiled nmethods': size=120000Kb used=2202Kb max_used=2202Kb free=117797Kb
 bounds [0x000001a6c8530000, 0x000001a6c87a0000, 0x000001a6cfa60000]
CodeHeap 'non-nmethods': size=5696Kb used=1068Kb max_used=1086Kb free=4627Kb
 bounds [0x000001a6c7fa0000, 0x000001a6c8210000, 0x000001a6c8530000]
 total_blobs=1519 nmethods=1152 adapters=279
 compilation: enabled
              stopped_count=0, restarted_count=0
 full_count=0

Compilation events (10 events):
Event: 2.826 Thread 0x000001a6ddc18800 1102       3       java.lang.invoke.Invokers$Holder::invokeExact_MT (32 bytes)
Event: 2.827 Thread 0x000001a6ddc18800 nmethod 1102 0x000001a6c872d410 code [0x000001a6c872d620, 0x000001a6c872def8]
Event: 2.827 Thread 0x000001a6ddc18800 1104       3       java.lang.invoke.MethodHandles$Lookup::getDirectMethodCommon (275 bytes)
Event: 2.829 Thread 0x000001a6ddc18800 nmethod 1104 0x000001a6c872e110 code [0x000001a6c872e460, 0x000001a6c872f6d8]
Event: 2.829 Thread 0x000001a6ddc18800 1105       3       java.lang.invoke.MethodHandles$Lookup::checkMethod (83 bytes)
Event: 2.830 Thread 0x000001a6ddc18800 nmethod 1105 0x000001a6c872fd10 code [0x000001a6c872ff40, 0x000001a6c8730698]
Event: 2.830 Thread 0x000001a6ddc18800 1106       3       java.lang.invoke.MethodHandles$Lookup::maybeBindCaller (44 bytes)
Event: 2.831 Thread 0x000001a6ddc18800 nmethod 1106 0x000001a6c8730910 code [0x000001a6c8730b20, 0x000001a6c8731338]
Event: 2.831 Thread 0x000001a6ddc18800 1103       3       java.lang.invoke.LambdaMetafactory::metafactory (35 bytes)
Event: 2.831 Thread 0x000001a6ddc18800 nmethod 1103 0x000001a6c8731610 code [0x000001a6c87317e0, 0x000001a6c8731a88]

GC Heap History (2 events):
Event: 2.704 GC heap before
{Heap before GC invocations=0 (full 0):
 garbage-first heap   total 98304K, used 14336K [0x00000000a1400000, 0x0000000100000000)
  region size 1024K, 14 young (14336K), 0 survivors (0K)
 Metaspace       used 11287K, capacity 11665K, committed 11776K, reserved 1060864K
  class space    used 1143K, capacity 1278K, committed 1280K, reserved 1048576K
}
Event: 2.711 GC heap after
{Heap after GC invocations=1 (full 0):
 garbage-first heap   total 98304K, used 2791K [0x00000000a1400000, 0x0000000100000000)
  region size 1024K, 2 young (2048K), 2 survivors (2048K)
 Metaspace       used 11287K, capacity 11665K, committed 11776K, reserved 1060864K
  class space    used 1143K, capacity 1278K, committed 1280K, reserved 1048576K
}

Deoptimization events (10 events):
Event: 1.828 Thread 0x000001a6be204800 Uncommon trap: reason=profile_predicate action=maybe_recompile pc=0x000001a6cfa7de98 method=jdk.internal.org.objectweb.asm.ByteVector.putUTF8(Ljava/lang/String;)Ljdk/internal/org/objectweb/asm/ByteVector; @ 77 c2
Event: 1.828 Thread 0x000001a6be204800 Uncommon trap: reason=profile_predicate action=maybe_recompile pc=0x000001a6cfa7de98 method=jdk.internal.org.objectweb.asm.ByteVector.putUTF8(Ljava/lang/String;)Ljdk/internal/org/objectweb/asm/ByteVector; @ 77 c2
Event: 1.842 Thread 0x000001a6be204800 Uncommon trap: reason=unstable_if action=reinterpret pc=0x000001a6cfa82680 method=java.io.WinNTFileSystem.isSlash(C)Z @ 9 c2
Event: 2.014 Thread 0x000001a6be204800 Uncommon trap: reason=class_check action=maybe_recompile pc=0x000001a6cfa6ce24 method=java.util.HashMap.putVal(ILjava/lang/Object;Ljava/lang/Object;ZZ)Ljava/lang/Object; @ 253 c2
Event: 2.015 Thread 0x000001a6be204800 Uncommon trap: reason=unstable_if action=reinterpret pc=0x000001a6cfa6ce14 method=java.util.HashMap.putVal(ILjava/lang/Object;Ljava/lang/Object;ZZ)Ljava/lang/Object; @ 181 c2
Event: 2.306 Thread 0x000001a6ddc0f000 Uncommon trap: reason=profile_predicate action=maybe_recompile pc=0x000001a6cfa86cd0 method=jdk.internal.jimage.ImageStringsReader.unmaskedHashCode(Ljava/lang/String;I)I @ 13 c2
Event: 2.306 Thread 0x000001a6ddc0f000 Uncommon trap: reason=profile_predicate action=maybe_recompile pc=0x000001a6cfa86cd0 method=jdk.internal.jimage.ImageStringsReader.unmaskedHashCode(Ljava/lang/String;I)I @ 13 c2
Event: 2.306 Thread 0x000001a6ddc0f000 Uncommon trap: reason=profile_predicate action=maybe_recompile pc=0x000001a6cfa86cd0 method=jdk.internal.jimage.ImageStringsReader.unmaskedHashCode(Ljava/lang/String;I)I @ 13 c2
Event: 2.306 Thread 0x000001a6ddc0f000 Uncommon trap: reason=profile_predicate action=maybe_recompile pc=0x000001a6cfa86cd0 method=jdk.internal.jimage.ImageStringsReader.unmaskedHashCode(Ljava/lang/String;I)I @ 13 c2
Event: 2.670 Thread 0x000001a6be204800 Uncommon trap: reason=unstable_if action=reinterpret pc=0x000001a6cfaa3b54 method=jdk.internal.org.objectweb.asm.Type.getArgumentsAndReturnSizes(Ljava/lang/String;)I @ 88 c2

Classes redefined (0 events):
No events

Internal exceptions (10 events):
Event: 2.324 Thread 0x000001a6be204800 Exception <a 'java/lang/NoSuchMethodError'{0x00000000a6a28368}: java.lang.invoke.DirectMethodHandle$Holder.invokeStaticInit(Ljava/lang/Object;Ljava/lang/Object;Ljava/lang/Object;)V> (0x00000000a6a28368) thrown at [./open/src/hotspot/share/interpreter/link
Event: 2.452 Thread 0x000001a6be204800 Exception <a 'java/lang/NoSuchMethodError'{0x00000000a6807418}: java.lang.invoke.DirectMethodHandle$Holder.invokeSpecialIFC(Ljava/lang/Object;Ljava/lang/Object;Ljava/lang/Object;Ljava/lang/Object;)Ljava/lang/Object;> (0x00000000a6807418) thrown at [./open
Event: 2.536 Thread 0x000001a6be204800 Exception <a 'java/lang/NoSuchMethodError'{0x00000000a68be8c8}: java.lang.invoke.Invokers$Holder.linkToTargetMethod(Ljava/lang/Object;Ljava/lang/Object;Ljava/lang/Object;Ljava/lang/Object;Ljava/lang/Object;Ljava/lang/Object;)Ljava/lang/Object;> (0x0000000
Event: 2.576 Thread 0x000001a6be204800 Exception <a 'java/lang/IncompatibleClassChangeError'{0x00000000a67275c0}: Found class java.lang.Object, but interface was expected> (0x00000000a67275c0) thrown at [./open/src/hotspot/share/interpreter/linkResolver.cpp, line 838]
Event: 2.602 Thread 0x000001a6be204800 Exception <a 'java/lang/NoSuchMethodError'{0x00000000a67a8d18}: java.lang.invoke.DirectMethodHandle$Holder.invokeInterface(Ljava/lang/Object;Ljava/lang/Object;Ljava/lang/Object;Ljava/lang/Object;)V> (0x00000000a67a8d18) thrown at [./open/src/hotspot/share
Event: 2.603 Thread 0x000001a6be204800 Exception <a 'java/lang/IncompatibleClassChangeError'{0x00000000a67abad8}: Found class java.lang.Object, but interface was expected> (0x00000000a67abad8) thrown at [./open/src/hotspot/share/interpreter/linkResolver.cpp, line 838]
Event: 2.606 Thread 0x000001a6be204800 Exception <a 'java/lang/NoSuchMethodError'{0x00000000a67bf440}: java.lang.invoke.DirectMethodHandle$Holder.invokeStatic(Ljava/lang/Object;Ljava/lang/Object;Ljava/lang/Object;Ljava/lang/Object;)V> (0x00000000a67bf440) thrown at [./open/src/hotspot/share/in
Event: 2.609 Thread 0x000001a6be204800 Exception <a 'java/lang/NoSuchMethodError'{0x00000000a67d09c0}: java.lang.invoke.DirectMethodHandle$Holder.invokeVirtual(Ljava/lang/Object;Ljava/lang/Object;Ljava/lang/Object;)Ljava/lang/Object;> (0x00000000a67d09c0) thrown at [./open/src/hotspot/share/in
Event: 2.695 Thread 0x000001a6be204800 Exception <a 'java/lang/NoSuchMethodError'{0x00000000a66e3010}: java.lang.invoke.DirectMethodHandle$Holder.invokeSpecial(Ljava/lang/Object;Ljava/lang/Object;)V> (0x00000000a66e3010) thrown at [./open/src/hotspot/share/interpreter/linkResolver.cpp, line 77
Event: 2.750 Thread 0x000001a6be204800 Exception <a 'java/lang/NoSuchMethodError'{0x00000000a72395a0}: java.lang.invoke.DirectMethodHandle$Holder.invokeStaticInit(Ljava/lang/Object;Ljava/lang/Object;Ljava/lang/Object;)I> (0x00000000a72395a0) thrown at [./open/src/hotspot/share/interpreter/link

Events (10 events):
Event: 2.827 loading class org/junit/jupiter/api/RepeatedTest
Event: 2.827 loading class org/junit/jupiter/api/RepeatedTest done
Event: 2.828 loading class org/junit/jupiter/params/ParameterizedTestMethodContext
Event: 2.828 loading class org/junit/jupiter/params/ParameterizedTestMethodContext done
Event: 2.830 loading class org/junit/jupiter/params/ParameterizedTestMethodContext$Resolver
Event: 2.830 loading class org/junit/jupiter/params/ParameterizedTestMethodContext$Resolver done
Event: 2.831 loading class org/junit/jupiter/engine/execution/NamespaceAwareStore
Event: 2.831 loading class org/junit/jupiter/engine/execution/NamespaceAwareStore done
Event: 2.833 loading class org/junit/jupiter/engine/execution/ExtensionValuesStore$CompositeKey
Event: 2.833 loading class org/junit/jupiter/engine/execution/ExtensionValuesStore$CompositeKey done


Dynamic libraries:
0x00007ff7b7350000 - 0x00007ff7b735f000 	C:\Program Files\Java\jdk-11.0.10\bin\java.exe
0x00007fff48130000 - 0x00007fff48325000 	C:\WINDOWS\SYSTEM32\ntdll.dll
0x00007fff469d0000 - 0x00007fff46a8d000 	C:\WINDOWS\System32\KERNEL32.DLL
0x00007fff45910000 - 0x00007fff45bd9000 	C:\WINDOWS\System32\KERNELBASE.dll
0x00007fff45c60000 - 0x00007fff45d60000 	C:\WINDOWS\System32\ucrtbase.dll
0x00007fff3d9f0000 - 0x00007fff3da08000 	C:\Program Files\Java\jdk-11.0.10\bin\jli.dll
0x00007fff3da10000 - 0x00007fff3da25000 	C:\Program Files\Java\jdk-11.0.10\bin\VCRUNTIME140.dll
0x00007fff46d20000 - 0x00007fff46dcc000 	C:\WINDOWS\System32\ADVAPI32.dll
0x00007fff47eb0000 - 0x00007fff47f4e000 	C:\WINDOWS\System32\msvcrt.dll
0x00007fff47d80000 - 0x00007fff47e1c000 	C:\WINDOWS\System32\sechost.dll
0x00007fff478f0000 - 0x00007fff47a1b000 	C:\WINDOWS\System32\RPCRT4.dll
0x00007fff46a90000 - 0x00007fff46c30000 	C:\WINDOWS\System32\USER32.dll
0x00007fff45d60000 - 0x00007fff45d82000 	C:\WINDOWS\System32\win32u.dll
0x00007fff47070000 - 0x00007fff4709a000 	C:\WINDOWS\System32\GDI32.dll
0x00007fff45e40000 - 0x00007fff45f4b000 	C:\WINDOWS\System32\gdi32full.dll
0x00007fff45870000 - 0x00007fff4590d000 	C:\WINDOWS\System32\msvcp_win.dll
0x00007fff34cc0000 - 0x00007fff34f5a000 	C:\WINDOWS\WinSxS\amd64_microsoft.windows.common-controls_6595b64144ccf1df_6.0.19041.844_none_ca00b6081b84eb1d\COMCTL32.dll
0x00007fff454f0000 - 0x00007fff454fa000 	C:\WINDOWS\SYSTEM32\VERSION.dll
0x00007fff470b0000 - 0x00007fff470e0000 	C:\WINDOWS\System32\IMM32.DLL
0x00007fff45520000 - 0x00007fff45617000 	C:\Windows\system32\guard64.dll
0x00007fff46e30000 - 0x00007fff46f5a000 	C:\WINDOWS\System32\ole32.dll
0x00007fff47a20000 - 0x00007fff47d75000 	C:\WINDOWS\System32\combase.dll
0x00007fff454b0000 - 0x00007fff454bb000 	C:\WINDOWS\system32\fltlib.dll
0x00007fff46270000 - 0x00007fff469b2000 	C:\WINDOWS\System32\shell32.dll
0x00007fff45430000 - 0x00007fff454a4000 	C:\Windows\system32\cssguard64.dll
0x00007fff48020000 - 0x00007fff480ed000 	C:\WINDOWS\System32\OLEAUT32.dll
0x00007fff46030000 - 0x00007fff4618f000 	C:\WINDOWS\System32\CRYPT32.dll
0x00007fff39ce0000 - 0x00007fff39d7b000 	C:\Program Files\Java\jdk-11.0.10\bin\msvcp140.dll
0x00007fff1b150000 - 0x00007fff1bc4b000 	C:\Program Files\Java\jdk-11.0.10\bin\server\jvm.dll
0x00007fff469c0000 - 0x00007fff469c8000 	C:\WINDOWS\System32\PSAPI.DLL
0x00007fff40aa0000 - 0x00007fff40aa9000 	C:\WINDOWS\SYSTEM32\WSOCK32.dll
0x00007fff46cb0000 - 0x00007fff46d1b000 	C:\WINDOWS\System32\WS2_32.dll
0x00007fff40220000 - 0x00007fff40247000 	C:\WINDOWS\SYSTEM32\WINMM.dll
0x00007fff435e0000 - 0x00007fff435f2000 	C:\WINDOWS\SYSTEM32\kernel.appcore.dll
0x00007fff41210000 - 0x00007fff41220000 	C:\Program Files\Java\jdk-11.0.10\bin\verify.dll
0x00007fff30570000 - 0x00007fff30754000 	C:\WINDOWS\SYSTEM32\DBGHELP.DLL
0x00007fff31c80000 - 0x00007fff31cac000 	C:\WINDOWS\SYSTEM32\dbgcore.DLL
0x00007fff45be0000 - 0x00007fff45c60000 	C:\WINDOWS\System32\bcryptPrimitives.dll
0x00007fff39cb0000 - 0x00007fff39cd8000 	C:\Program Files\Java\jdk-11.0.10\bin\java.dll
0x00007fff3eca0000 - 0x00007fff3ecaa000 	C:\Program Files\Java\jdk-11.0.10\bin\jimage.dll
0x00007fff39b80000 - 0x00007fff39b8e000 	C:\Program Files\Java\jdk-11.0.10\bin\instrument.dll
0x00007fff39c50000 - 0x00007fff39c66000 	C:\Program Files\Java\jdk-11.0.10\bin\zip.dll
0x00007fff437e0000 - 0x00007fff43f70000 	C:\WINDOWS\SYSTEM32\windows.storage.dll
0x00007fff450f0000 - 0x00007fff4511c000 	C:\WINDOWS\SYSTEM32\Wldp.dll
0x00007fff47f70000 - 0x00007fff4801e000 	C:\WINDOWS\System32\SHCORE.dll
0x00007fff47010000 - 0x00007fff47065000 	C:\WINDOWS\System32\shlwapi.dll
0x00007fff457b0000 - 0x00007fff457cf000 	C:\WINDOWS\SYSTEM32\profapi.dll
0x00007fff39c30000 - 0x00007fff39c49000 	C:\Program Files\Java\jdk-11.0.10\bin\net.dll
0x00007fff3ffe0000 - 0x00007fff400ec000 	C:\WINDOWS\SYSTEM32\WINHTTP.dll
0x00007fff44e00000 - 0x00007fff44e6a000 	C:\WINDOWS\system32\mswsock.dll
0x00007fff39c10000 - 0x00007fff39c22000 	C:\Program Files\Java\jdk-11.0.10\bin\nio.dll
0x00007fff39b60000 - 0x00007fff39b7a000 	C:\Program Files\JetBrains\IntelliJ IDEA Community Edition 2020.3\bin\breakgen64.dll

dbghelp: loaded successfully - version: 4.0.5 - missing functions: none
symbol engine: initialized successfully - sym options: 0x614 - pdb path: .;C:\Program Files\Java\jdk-11.0.10\bin;C:\WINDOWS\SYSTEM32;C:\WINDOWS\WinSxS\amd64_microsoft.windows.common-controls_6595b64144ccf1df_6.0.19041.844_none_ca00b6081b84eb1d;C:\Program Files\Java\jdk-11.0.10\bin\server;C:\Program Files\JetBrains\IntelliJ IDEA Community Edition 2020.3\bin

VM Arguments:
jvm_args: -ea -Didea.test.cyclic.buffer.size=1048576 -javaagent:C:\Program Files\JetBrains\IntelliJ IDEA Community Edition 2020.3\lib\idea_rt.jar=64886:C:\Program Files\JetBrains\IntelliJ IDEA Community Edition 2020.3\bin -Dfile.encoding=UTF-8 
java_command: com.intellij.rt.junit.JUnitStarter -ideVersion5 -junit5 ru.netology.stats.StatsServiceTest
java_class_path (initial): C:\Program Files\JetBrains\IntelliJ IDEA Community Edition 2020.3\lib\idea_rt.jar;C:\Users\Игорь\.m2\repository\org\junit\platform\junit-platform-launcher\1.7.0-M1\junit-platform-launcher-1.7.0-M1.jar;C:\Program Files\JetBrains\IntelliJ IDEA Community Edition 2020.3\plugins\junit\lib\junit5-rt.jar;C:\Program Files\JetBrains\IntelliJ IDEA Community Edition 2020.3\plugins\junit\lib\junit-rt.jar;C:\Users\Игорь\Desktop\Java Project IQR-16\Java-Home-Work-2.4.1\target\test-classes;C:\Users\Игорь\Desktop\Java Project IQR-16\Java-Home-Work-2.4.1\target\classes;C:\Users\Игорь\.m2\repository\org\junit\jupiter\junit-jupiter\5.7.0-M1\junit-jupiter-5.7.0-M1.jar;C:\Users\Игорь\.m2\repository\org\junit\jupiter\junit-jupiter-api\5.7.0-M1\junit-jupiter-api-5.7.0-M1.jar;C:\Users\Игорь\.m2\repository\org\apiguardian\apiguardian-api\1.1.0\apiguardian-api-1.1.0.jar;C:\Users\Игорь\.m2\repository\org\opentest4j\opentest4j\1.2.0\opentest4j-1.2.0.jar;C:\Users\Игорь\.m2\repository\org\junit\platform\junit-platform-commons\1.7.0-M1\junit-platform-commons-1.7.0-M1.jar;C:\Users\Игорь\.m2\repository\org\junit\jupiter\junit-jupiter-params\5.7.0-M1\junit-jupiter-params-5.7.0-M1.jar;C:\Users\Игорь\.m2\repository\org\junit\jupiter\junit-jupiter-engine\5.7.0-M1\junit-jupiter-engine-5.7.0-M1.jar;C:\Users\Игорь\.m2\repository\org\junit\platform\junit-platform-engine\1.7.0-M1\junit-platform-engine-1.7.0-M1.jar;C:\Users\Игорь\.m2\repository\org\apache\maven\plugins\maven-compiler-plugin\3.8.1\maven-compiler-plugin-3.8.1.jar;C:\Users\Игорь\.m2\repository\org\apache\maven\maven-plugin-api\3.0\maven-plugin-api-3.0.jar;C:\Users\Игорь\.m2\repository\org\apache\maven\maven-model\3.0\maven-model-3.0.jar;C:\Users\Игорь\.m2\repository\org\sonatype\sisu\sisu-inject-plexus\1.4.2\sisu-inject-plexus-1.4.2.jar;C:\Users\Игорь\.m2\repository\org\sonatype\sisu\sisu-inject-bean\1.4.2\sisu-inject-bean-1.4.2.jar;C:\Users\Игорь\.m2\repository\org\sonatype\sisu\sisu-guice\2.1.7\sisu-guice-2.1.7-no
Launcher Type: SUN_STANDARD

[Global flags]
     intx CICompilerCount                          = 3                                         {product} {ergonomic}
     uint ConcGCThreads                            = 1                                         {product} {ergonomic}
     uint G1ConcRefinementThreads                  = 4                                         {product} {ergonomic}
   size_t G1HeapRegionSize                         = 1048576                                   {product} {ergonomic}
    uintx GCDrainStackTargetSize                   = 64                                        {product} {ergonomic}
   size_t InitialHeapSize                          = 100663296                                 {product} {ergonomic}
   size_t MarkStackSize                            = 4194304                                   {product} {ergonomic}
   size_t MaxHeapSize                              = 1589641216                                {product} {ergonomic}
   size_t MaxNewSize                               = 953155584                                 {product} {ergonomic}
   size_t MinHeapDeltaBytes                        = 1048576                                   {product} {ergonomic}
    uintx NonNMethodCodeHeapSize                   = 5830732                                {pd product} {ergonomic}
    uintx NonProfiledCodeHeapSize                  = 122913754                              {pd product} {ergonomic}
    uintx ProfiledCodeHeapSize                     = 122913754                              {pd product} {ergonomic}
    uintx ReservedCodeCacheSize                    = 251658240                              {pd product} {ergonomic}
     bool SegmentedCodeCache                       = true                                      {product} {ergonomic}
     bool UseCompressedClassPointers               = true                                 {lp64_product} {ergonomic}
     bool UseCompressedOops                        = true                                 {lp64_product} {ergonomic}
     bool UseG1GC                                  = true                                      {product} {ergonomic}
     bool UseLargePagesIndividualAllocation        = false                                  {pd product} {ergonomic}

Logging:
Log output configuration:
 #0: stdout all=warning uptime,level,tags
 #1: stderr all=off uptime,level,tags

Environment Variables:
PATH=C:\Program Files\Common Files\Oracle\Java\javapath;C:\Program Files\AdoptOpenJDK\jdk-11.0.10.9-hotspot\bin;C:\Program Files (x86)\Common Files\Oracle\Java\javapath;C:\Program Files (x86)\Intel\iCLS Client\;C:\Program Files\Intel\iCLS Client\;C:\Windows\system32;C:\Windows;C:\Windows\System32\Wbem;C:\Windows\System32\WindowsPowerShell\v1.0\;C:\Program Files (x86)\Intel\Intel(R) Management Engine Components\DAL;C:\Program Files\Intel\Intel(R) Management Engine Components\DAL;C:\Program Files (x86)\Intel\Intel(R) Management Engine Components\IPT;C:\Program Files\Intel\Intel(R) Management Engine Components\IPT;C:\Program Files (x86)\NVIDIA Corporation\PhysX\Common;C:\Program Files (x86)\Common Files\Acronis\SnapAPI\;C:\Program Files (x86)\EaseUS\Todo Backup\bin;C:\WINDOWS\system32;C:\WINDOWS;C:\WINDOWS\System32\Wbem;C:\WINDOWS\System32\WindowsPowerShell\v1.0\;C:\WINDOWS\System32\OpenSSH\;C:\Program Files\nodejs\;C:\Program Files\Git\cmd;C:\Program Files\dotnet\;C:\Program Files\TortoiseGit\bin;C:\Users\Игорь\AppData\Local\Microsoft\WindowsApps;C:\Users\Игорь\AppData\Roaming\npm;C:\Users\Игорь\.dotnet\tools;C:\Users\Игорь\AppData\Local\GitHubDesktop\bin;C:\Program Files (x86)\EaseUS\Todo Backup\bin\x64\
USERNAME=Игорь
OS=Windows_NT
PROCESSOR_IDENTIFIER=Intel64 Family 6 Model 61 Stepping 4, GenuineIntel



---------------  S Y S T E M  ---------------

OS: Windows 10 , 64 bit Build 19041 (10.0.19041.804)

CPU:total 4 (initial active 4) (2 cores per cpu, 2 threads per core) family 6 model 61 stepping 4 microcode 0x2d, cmov, cx8, fxsr, mmx, sse, sse2, sse3, ssse3, sse4.1, sse4.2, popcnt, avx, avx2, aes, clmul, erms, 3dnowpref, lzcnt, ht, tsc, tscinvbit, bmi1, bmi2, adx, fma

Memory: 4k page, system-wide physical 6058M (555M free)
TotalPageFile size 7711M (AvailPageFile size 3M)
current process WorkingSet (physical memory assigned to process): 71M, peak: 71M
current process commit charge ("private bytes"): 183M, peak: 183M

vm_info: Java HotSpot(TM) 64-Bit Server VM (11.0.10+8-LTS-162) for windows-amd64 JRE (11.0.10+8-LTS-162), built on Dec  8 2020 16:32:57 by "mach5one" with MS VC++ 15.9 (VS2017)

END.
